
Get a reqest 23:2 6/6/2018 GET / undefined
Get a reqest 23:2 6/6/2018 GET / undefined
Get a reqest 23:2 6/6/2018 GET / undefined
Get a reqest 23:2 6/6/2018 GET / undefined
Get a reqest 23:2 6/6/2018 GET / undefined
Get a reqest 23:2 6/6/2018 GET / undefined
Get a reqest 23:2 6/6/2018 GET / undefined
Get a reqest 23:45 6/6/2018 GET /gd undefined
Get a reqest 23:56 6/6/2018 GET /gd undefined
Get a reqest 23:56 6/6/2018 GET / undefined
Get a reqest 23:56 6/6/2018 GET /signup undefined
Get a reqest 23:57 6/6/2018 GET / undefined
Get a reqest 23:58 6/6/2018 GET /signup undefined
Get a reqest 23:58 6/6/2018 GET /login undefined
Get a reqest 23:59 6/6/2018 GET /login undefined
Get a reqest 23:59 6/6/2018 GET /signup undefined
Get a reqest 23:59 6/6/2018 GET / undefined
Get a reqest 23:59 6/6/2018 GET /signup undefined
Get a reqest 23:59 6/6/2018 GET /login undefined
Get a reqest 0:0 0/6/2018 GET /signup undefined
Get a reqest 0:0 0/6/2018 GET /signup?username=&email=&pass= undefined
Get a reqest 0:0 0/6/2018 GET /login undefined
Get a reqest 0:0 0/6/2018 GET /signup undefined
Get a reqest 0:0 0/6/2018 GET /signup?username=louay&email=louay%40gmail.com&pass=hello undefined
Get a reqest 0:1 0/6/2018 GET /dashboard undefined
Get a reqest 0:1 0/6/2018 GET /flot undefined
Get a reqest 0:4 0/6/2018 GET /flot undefined
Get a reqest 0:4 0/6/2018 GET /flot undefined
Get a reqest 0:4 0/6/2018 GET /dashboard undefined
Get a reqest 0:4 0/6/2018 GET /tables undefined
Get a reqest 0:4 0/6/2018 GET /forms undefined
Get a reqest 0:4 0/6/2018 GET /content undefined
Get a reqest 0:4 0/6/2018 GET /stylesheets/dashboard/fonts/montserrat/Montserrat-Regular.ttf undefined
Get a reqest 0:4 0/6/2018 GET /stylesheets/dashboard/fonts/montserrat/Montserrat-Bold.ttf undefined
Get a reqest 0:4 0/6/2018 GET /forms undefined
Get a reqest 0:4 0/6/2018 GET /tables undefined
Get a reqest 0:4 0/6/2018 GET /dashboard undefined
Get a reqest 0:4 0/6/2018 GET /flot undefined
Get a reqest 0:4 0/6/2018 GET /index.html undefined
Get a reqest 0:5 0/6/2018 GET /dashboard undefined
Get a reqest 0:5 0/6/2018 GET /dashboard undefined
Get a reqest 0:5 0/6/2018 GET /dashboard undefined
Get a reqest 0:5 0/6/2018 GET /dashboard undefined
Get a reqest 6:52 0/6/2018 GET / undefined
Get a reqest 6:52 0/6/2018 GET /signup undefined
Get a reqest 6:52 0/6/2018 GET /signup?username=anas&email=anas%40gmail.com&pass=anas undefined
Get a reqest 6:55 0/6/2018 GET /signup?username=anas%40gmail.com&email=anas%40gmail.com&pass=anas undefined
Get a reqest 6:55 0/6/2018 GET /login undefined
Get a reqest 6:55 0/6/2018 GET /login?email=anas%40gmail.com&pass=anas undefined
Get a reqest 7:7 0/6/2018 GET / undefined
Get a reqest 7:7 0/6/2018 GET /signup undefined
Get a reqest 7:7 0/6/2018 GET /signup undefined
Get a reqest 7:8 0/6/2018 GET / undefined
Get a reqest 7:8 0/6/2018 GET /login undefined
Get a reqest 7:8 0/6/2018 GET /dashboard undefined
Get a reqest 7:9 0/6/2018 GET /login undefined
Get a reqest 7:9 0/6/2018 GET /dashboard undefined
Get a reqest 7:9 0/6/2018 GET / undefined
Get a reqest 7:9 0/6/2018 GET /login undefined
Get a reqest 7:9 0/6/2018 GET /dashboard undefined
Get a reqest 7:13 0/6/2018 GET / undefined
Get a reqest 7:13 0/6/2018 GET /signup undefined
Get a reqest 7:13 0/6/2018 GET /signup undefined
Get a reqest 7:13 0/6/2018 GET /signup undefined
Get a reqest 7:13 0/6/2018 GET /login undefined
Get a reqest 7:13 0/6/2018 GET /dashboard undefined
Get a reqest 7:13 0/6/2018 GET / undefined
Get a reqest 7:13 0/6/2018 GET /signup undefined
Get a reqest 7:14 0/6/2018 GET /login undefined
Get a reqest 7:14 0/6/2018 GET /dashboard undefined
Get a reqest 7:14 0/6/2018 GET / undefined
Get a reqest 7:14 0/6/2018 GET /signup undefined
Get a reqest 7:14 0/6/2018 GET /login undefined
Get a reqest 7:14 0/6/2018 GET /dashboard undefined
Get a reqest 7:21 0/6/2018 GET / undefined
Get a reqest 7:22 0/6/2018 GET /signup undefined
Get a reqest 7:22 0/6/2018 GET /signup?username=&email=&pass= undefined
Get a reqest 7:22 0/6/2018 GET /login undefined
Get a reqest 7:22 0/6/2018 GET /login undefined
Get a reqest 7:22 0/6/2018 GET /login undefined
Get a reqest 7:22 0/6/2018 GET /signup?username=+&email=&pass= undefined
Get a reqest 7:22 0/6/2018 GET /login undefined
Get a reqest 7:24 0/6/2018 GET /login undefined
Get a reqest 7:24 0/6/2018 GET / undefined
Get a reqest 7:24 0/6/2018 GET /signup undefined
Get a reqest 7:24 0/6/2018 GET /login undefined
Get a reqest 7:24 0/6/2018 GET /signup undefined
Get a reqest 7:24 0/6/2018 GET /login undefined
Get a reqest 7:24 0/6/2018 GET /signup undefined
Get a reqest 7:25 0/6/2018 GET /signup?username=anas&email=anas%40gmail.com&pass=anas undefined
Get a reqest 7:25 0/6/2018 GET /dashboard undefined
Get a reqest 7:26 0/6/2018 GET / undefined
Get a reqest 7:26 0/6/2018 GET /signup undefined
Get a reqest 7:26 0/6/2018 GET /signup?username=louay&email=louay%40gmail.com&pass=lalight undefined
Get a reqest 7:26 0/6/2018 GET /dashboard undefined
Get a reqest 7:26 0/6/2018 GET /dashboard undefined
Get a reqest 7:27 0/6/2018 GET / undefined
Get a reqest 7:27 0/6/2018 GET /signup undefined
Get a reqest 7:27 0/6/2018 GET /login undefined
Get a reqest 7:27 0/6/2018 GET /login?email=louay%40gmail.com&pass=lalighta undefined
Get a reqest 7:27 0/6/2018 GET /login?email=louay%40gmail.com&pass=lalight undefined
Get a reqest 7:27 0/6/2018 GET /dashboard undefined
Get a reqest 7:28 0/6/2018 GET / undefined
Get a reqest 7:28 0/6/2018 GET /signup undefined
Get a reqest 7:28 0/6/2018 GET /signup?username=&email=&pass= undefined
Get a reqest 7:28 0/6/2018 GET /login undefined
Get a reqest 7:28 0/6/2018 GET /signup undefined
Get a reqest 7:28 0/6/2018 GET /signup?username=memo&email=memo%40gmail.com&pass=memo undefined
Get a reqest 7:28 0/6/2018 GET /dashboard undefined
Get a reqest 7:29 0/6/2018 GET / undefined
Get a reqest 7:29 0/6/2018 GET /signup undefined
Get a reqest 7:29 0/6/2018 GET /signup?username=&email=&pass= undefined
Get a reqest 7:29 0/6/2018 GET /login undefined
Get a reqest 7:29 0/6/2018 GET /signup undefined
Get a reqest 7:30 0/6/2018 GET /signup?username=mem&email=mem%40gmail.com&pass=mem undefined
Get a reqest 7:30 0/6/2018 GET /dashboard undefined
Get a reqest 7:30 0/6/2018 GET /login undefined
Get a reqest 7:30 0/6/2018 GET /login?email=mem%40gmail.com&pass=mem undefined
Get a reqest 7:30 0/6/2018 GET /dashboard undefined
Get a reqest 7:32 0/6/2018 GET / undefined
Get a reqest 7:32 0/6/2018 GET /signup undefined
Get a reqest 7:32 0/6/2018 GET /signup?username=&email=&pass= undefined
Get a reqest 7:32 0/6/2018 GET /login undefined
Get a reqest 7:32 0/6/2018 GET /signup undefined
Get a reqest 7:32 0/6/2018 GET /signup?username=do&email=do%40gmail.com&pass=do undefined
Get a reqest 7:32 0/6/2018 GET /dashboard undefined
Get a reqest 7:32 0/6/2018 GET / undefined
Get a reqest 7:33 0/6/2018 GET / undefined
Get a reqest 7:33 0/6/2018 GET / undefined
Get a reqest 7:33 0/6/2018 GET / undefined
Get a reqest 7:35 0/6/2018 GET /signup undefined
Get a reqest 7:35 0/6/2018 GET / undefined
Get a reqest 7:35 0/6/2018 GET /signup undefined
Get a reqest 7:35 0/6/2018 GET /signup?username=louay&email=louay%40gmail.com&pass=lalight undefined
Get a reqest 7:36 0/6/2018 GET /signup?username=louay&email=louay2%40gmail.com&pass=lalight undefined
Get a reqest 7:36 0/6/2018 GET /dashboard undefined
Get a reqest 7:36 0/6/2018 GET /signin undefined
Get a reqest 7:36 0/6/2018 GET /login undefined
Get a reqest 7:36 0/6/2018 GET /login?email=louay123%40gmail.com&pass=lalight undefined
Get a reqest 7:36 0/6/2018 GET /login?email=louay2%40gmail.com&pass=lalight undefined
Get a reqest 7:36 0/6/2018 GET /dashboard undefined
Get a reqest 7:40 0/6/2018 GET / undefined
Get a reqest 7:40 0/6/2018 GET /signin undefined
Get a reqest 7:40 0/6/2018 GET /login undefined
Get a reqest 7:40 0/6/2018 GET /login?email=louay%40gmail.com&pass=lalight undefined
Get a reqest 7:40 0/6/2018 GET /login?email=louay%40gmail.com&pass=lalight undefined
Get a reqest 7:40 0/6/2018 GET /login?email=louay%40gmail.com&pass=lalight undefined
Get a reqest 7:41 0/6/2018 GET /login?email=louay%40gmail.com&pass=lalight undefined
Get a reqest 7:42 0/6/2018 GET / undefined
Get a reqest 7:42 0/6/2018 GET /login?email=louay%40gmail.com&pass=lalight undefined
Get a reqest 7:42 0/6/2018 GET /login undefined
Get a reqest 7:42 0/6/2018 GET /login?email=louay%40gmail.com&pass=lalight undefined
Get a reqest 7:43 0/6/2018 GET /signup undefined
Get a reqest 7:43 0/6/2018 GET /signup?username=s&email=s%40gmail.com&pass=s undefined
Get a reqest 8:32 1/6/2018 GET / undefined
Get a reqest 8:32 1/6/2018 GET /signup undefined
Get a reqest 8:32 1/6/2018 GET /login undefined
Get a reqest 8:32 1/6/2018 GET /login?email=louay%40gmail.com&pass=lalight undefined
Get a reqest 8:32 1/6/2018 GET /favicon.ico undefined
Get a reqest 8:33 1/6/2018 POST /createnamespace undefined
Get a reqest 8:35 1/6/2018 POST /createnamespace undefined
Get a reqest 8:35 1/6/2018 GET /login?email=louay%40gmail.com&pass=lalight undefined
Get a reqest 8:35 1/6/2018 GET /favicon.ico undefined
Get a reqest 8:36 1/6/2018 POST /createnamespace undefined
Get a reqest 8:36 1/6/2018 GET /login?email=louay%40gmail.com&pass=lalight undefined
Get a reqest 8:36 1/6/2018 GET /favicon.ico undefined
Get a reqest 8:36 1/6/2018 POST /createnamespace undefined
Get a reqest 8:37 1/6/2018 GET /login?email=louay%40gmail.com&pass=lalight undefined
Get a reqest 8:37 1/6/2018 GET /favicon.ico undefined
Get a reqest 8:37 1/6/2018 POST /createnamespace undefined
Get a reqest 8:39 1/6/2018 GET /login?email=louay%40gmail.com&pass=lalight undefined
Get a reqest 8:39 1/6/2018 GET /favicon.ico undefined
Get a reqest 8:39 1/6/2018 POST /createnamespace undefined
Get a reqest 8:41 1/6/2018 GET /login?email=louay%40gmail.com&pass=lalight undefined
Get a reqest 8:41 1/6/2018 GET /favicon.ico undefined
Get a reqest 8:41 1/6/2018 POST /createnamespace undefined
Get a reqest 8:42 1/6/2018 POST /createnamespace undefined
Get a reqest 8:45 1/6/2018 GET /login?email=louay%40gmail.com&pass=lalight undefined
Get a reqest 8:45 1/6/2018 GET /favicon.ico undefined
Get a reqest 8:45 1/6/2018 POST /createnamespace undefined
Get a reqest 8:51 1/6/2018 GET /login?email=louay%40gmail.com&pass=lalight [object Object]
Get a reqest 8:51 1/6/2018 GET /favicon.ico [object Object]
Get a reqest 8:52 1/6/2018 POST /createnamespace [object Object]
Get a reqest 9:52 1/6/2018 GET / [object Object]
Get a reqest 9:52 1/6/2018 GET /signup [object Object]
Get a reqest 9:52 1/6/2018 GET /login [object Object]
Get a reqest 9:52 1/6/2018 GET /login?email=louay%40gmail.com&pass=lalight [object Object]
Get a reqest 9:52 1/6/2018 GET /favicon.ico [object Object]
Get a reqest 9:52 1/6/2018 POST /createnamespace [object Object]
Get a reqest 9:53 1/6/2018 GET / [object Object]
Get a reqest 9:53 1/6/2018 GET /signup [object Object]
Get a reqest 9:53 1/6/2018 GET /login [object Object]
Get a reqest 9:53 1/6/2018 GET /login?email=louay%40gmail.com&pass=lalight [object Object]
Get a reqest 9:53 1/6/2018 GET /favicon.ico [object Object]
Get a reqest 9:53 1/6/2018 GET /flot [object Object]
Get a reqest 9:53 1/6/2018 GET /favicon.ico [object Object]
Get a reqest 9:53 1/6/2018 GET /index.html [object Object]
Get a reqest 9:53 1/6/2018 GET /favicon.ico [object Object]
Get a reqest 9:53 1/6/2018 GET /favicon.ico [object Object]
Get a reqest 10:0 1/6/2018 GET /tables [object Object]
Get a reqest 10:0 1/6/2018 GET /favicon.ico [object Object]
Get a reqest 10:0 1/6/2018 GET /forms [object Object]
Get a reqest 10:0 1/6/2018 GET /favicon.ico [object Object]
Get a reqest 10:0 1/6/2018 GET /content [object Object]
Get a reqest 10:0 1/6/2018 GET /stylesheets/dashboard/fonts/montserrat/Montserrat-Regular.ttf [object Object]
Get a reqest 10:0 1/6/2018 GET /stylesheets/dashboard/fonts/montserrat/Montserrat-Bold.ttf [object Object]
Get a reqest 10:0 1/6/2018 GET /favicon.ico [object Object]
Get a reqest 10:0 1/6/2018 GET /dashboard [object Object]
Get a reqest 10:0 1/6/2018 GET /favicon.ico [object Object]
Get a reqest 10:0 1/6/2018 GET /flot [object Object]
Get a reqest 10:0 1/6/2018 GET /favicon.ico [object Object]
Get a reqest 10:0 1/6/2018 GET /dashboard [object Object]
Get a reqest 10:0 1/6/2018 GET /favicon.ico [object Object]
Get a reqest 10:1 1/6/2018 GET / [object Object]
Get a reqest 10:1 1/6/2018 GET /signup [object Object]
Get a reqest 10:1 1/6/2018 GET /login [object Object]
Get a reqest 10:1 1/6/2018 GET /login?email=louay%40gmail.com&pass=lalight [object Object]
Get a reqest 10:1 1/6/2018 GET /favicon.ico [object Object]
Get a reqest 10:1 1/6/2018 GET /favicon.ico [object Object]
Get a reqest 10:1 1/6/2018 GET /flot [object Object]
Get a reqest 10:1 1/6/2018 GET /favicon.ico [object Object]
Get a reqest 10:1 1/6/2018 GET /dashboard [object Object]
Get a reqest 10:1 1/6/2018 GET /favicon.ico [object Object]
Get a reqest 10:19 1/6/2018 GET /dashboard [object Object]
Get a reqest 10:19 1/6/2018 GET /favicon.ico [object Object]
Get a reqest 10:19 1/6/2018 POST /createnamespace [object Object]
Get a reqest 10:20 1/6/2018 POST /createnamespace [object Object]
Get a reqest 10:22 1/6/2018 POST /createnamespace [object Object]
Get a reqest 10:22 1/6/2018 GET /dashboard [object Object]
Get a reqest 10:22 1/6/2018 GET /favicon.ico [object Object]
Get a reqest 10:22 1/6/2018 POST /createnamespace [object Object]
Get a reqest 10:23 1/6/2018 GET /dashboard [object Object]
Get a reqest 10:23 1/6/2018 GET /favicon.ico [object Object]
Get a reqest 10:24 1/6/2018 POST /createnamespace [object Object]
Get a reqest 10:24 1/6/2018 GET /dashboard [object Object]
Get a reqest 10:24 1/6/2018 GET /favicon.ico [object Object]
Get a reqest 10:24 1/6/2018 POST /createnamespace [object Object]
Get a reqest 10:25 1/6/2018 GET /dashboard [object Object]
Get a reqest 10:25 1/6/2018 GET /favicon.ico [object Object]
Get a reqest 10:25 1/6/2018 POST /createnamespace [object Object]
Get a reqest 10:25 1/6/2018 GET /dashboard [object Object]
Get a reqest 10:26 1/6/2018 GET /favicon.ico [object Object]
Get a reqest 10:26 1/6/2018 POST /createnamespace [object Object]
Get a reqest 10:27 1/6/2018 GET /dashboard [object Object]
Get a reqest 10:27 1/6/2018 GET /favicon.ico [object Object]
Get a reqest 10:27 1/6/2018 POST /createnamespace [object Object]
Get a reqest 10:35 1/6/2018 GET /flot [object Object]
Get a reqest 10:35 1/6/2018 GET /favicon.ico [object Object]
Get a reqest 10:40 1/6/2018 GET /flot [object Object]
Get a reqest 10:40 1/6/2018 GET /favicon.ico [object Object]
Get a reqest 10:40 1/6/2018 GET /dashboard?username= [object Object]
Get a reqest 10:40 1/6/2018 GET /favicon.ico [object Object]
Get a reqest 10:41 1/6/2018 GET /dashboard [object Object]
Get a reqest 10:41 1/6/2018 GET /favicon.ico [object Object]
Get a reqest 10:41 1/6/2018 GET /login [object Object]
Get a reqest 10:41 1/6/2018 GET /login?email=louay%40gmail.com&pass=lalight [object Object]
Get a reqest 10:41 1/6/2018 GET /favicon.ico [object Object]
Get a reqest 10:42 1/6/2018 GET /dashboard [object Object]
Get a reqest 10:42 1/6/2018 GET /favicon.ico [object Object]
Get a reqest 10:42 1/6/2018 GET /login [object Object]
Get a reqest 10:42 1/6/2018 GET /login?email=louay%40gmail.com&pass=lalight [object Object]
Get a reqest 10:42 1/6/2018 GET /favicon.ico [object Object]
Get a reqest 10:42 1/6/2018 GET /dashboard [object Object]
Get a reqest 10:42 1/6/2018 GET /favicon.ico [object Object]
Get a reqest 10:43 1/6/2018 GET /login [object Object]
Get a reqest 10:43 1/6/2018 GET /login?email=louay%40gmail.com&pass=lalight [object Object]
Get a reqest 10:43 1/6/2018 GET /favicon.ico [object Object]
Get a reqest 10:43 1/6/2018 GET /dashboard?username=louay [object Object]
Get a reqest 10:43 1/6/2018 GET /favicon.ico [object Object]
Get a reqest 10:46 1/6/2018 GET /login [object Object]
Get a reqest 10:46 1/6/2018 GET /login?email=louay%40gmail.com&pass=lalight [object Object]
Get a reqest 10:46 1/6/2018 GET /favicon.ico [object Object]
Get a reqest 10:46 1/6/2018 GET /favicon.ico [object Object]
Get a reqest 10:46 1/6/2018 GET /flot [object Object]
Get a reqest 10:46 1/6/2018 GET /favicon.ico [object Object]
Get a reqest 10:46 1/6/2018 GET /tables [object Object]
Get a reqest 10:46 1/6/2018 GET /favicon.ico [object Object]
Get a reqest 10:46 1/6/2018 GET /forms [object Object]
Get a reqest 10:46 1/6/2018 GET /favicon.ico [object Object]
Get a reqest 10:46 1/6/2018 GET /content [object Object]
Get a reqest 10:46 1/6/2018 GET /stylesheets/dashboard/fonts/montserrat/Montserrat-Regular.ttf [object Object]
Get a reqest 10:46 1/6/2018 GET /stylesheets/dashboard/fonts/montserrat/Montserrat-Bold.ttf [object Object]
Get a reqest 10:46 1/6/2018 GET /vendor/dashboard/vendor/bootstrap/js/popper.js.map [object Object]
Get a reqest 10:46 1/6/2018 GET /favicon.ico [object Object]
Get a reqest 10:46 1/6/2018 GET /flot [object Object]
Get a reqest 10:46 1/6/2018 GET /favicon.ico [object Object]
Get a reqest 10:47 1/6/2018 GET /login [object Object]
Get a reqest 10:47 1/6/2018 GET /login?email=louay%40gmail.com&pass=lalight [object Object]
Get a reqest 10:47 1/6/2018 GET /favicon.ico [object Object]
Get a reqest 10:47 1/6/2018 GET /flot?username=louay [object Object]
Get a reqest 10:47 1/6/2018 GET /tables [object Object]
Get a reqest 10:47 1/6/2018 GET /favicon.ico [object Object]
Get a reqest 10:47 1/6/2018 GET /forms [object Object]
Get a reqest 10:47 1/6/2018 GET /favicon.ico [object Object]
Get a reqest 10:47 1/6/2018 GET /content [object Object]
Get a reqest 10:48 1/6/2018 GET /stylesheets/dashboard/fonts/montserrat/Montserrat-Regular.ttf [object Object]
Get a reqest 10:48 1/6/2018 GET /stylesheets/dashboard/fonts/montserrat/Montserrat-Bold.ttf [object Object]
Get a reqest 10:48 1/6/2018 GET /vendor/dashboard/vendor/bootstrap/js/popper.js.map [object Object]
Get a reqest 10:48 1/6/2018 GET /favicon.ico [object Object]
Get a reqest 10:48 1/6/2018 GET /tables [object Object]
Get a reqest 10:48 1/6/2018 GET /favicon.ico [object Object]
Get a reqest 10:48 1/6/2018 GET /flot [object Object]
Get a reqest 10:48 1/6/2018 GET /favicon.ico [object Object]
Get a reqest 10:48 1/6/2018 GET /dashboard [object Object]
Get a reqest 10:48 1/6/2018 GET /favicon.ico [object Object]
Get a reqest 10:48 1/6/2018 GET /flot?username= [object Object]
Get a reqest 10:48 1/6/2018 GET /favicon.ico [object Object]
Get a reqest 10:48 1/6/2018 GET /dashboard [object Object]
Get a reqest 10:48 1/6/2018 GET /favicon.ico [object Object]
Get a reqest 10:48 1/6/2018 GET /flot?username= [object Object]
Get a reqest 10:48 1/6/2018 GET /favicon.ico [object Object]
Get a reqest 10:48 1/6/2018 GET /login [object Object]
Get a reqest 10:48 1/6/2018 GET /login?email=louay%40gmail.com&pass=lalight [object Object]
Get a reqest 10:48 1/6/2018 GET /favicon.ico [object Object]
Get a reqest 10:48 1/6/2018 GET /favicon.ico [object Object]
Get a reqest 10:48 1/6/2018 GET /tables?username=louay [object Object]
Get a reqest 10:48 1/6/2018 GET /favicon.ico [object Object]
Get a reqest 10:49 1/6/2018 GET /forms [object Object]
Get a reqest 10:49 1/6/2018 GET /favicon.ico [object Object]
Get a reqest 10:49 1/6/2018 GET /content [object Object]
Get a reqest 10:49 1/6/2018 GET /stylesheets/dashboard/fonts/montserrat/Montserrat-Regular.ttf [object Object]
Get a reqest 10:49 1/6/2018 GET /stylesheets/dashboard/fonts/montserrat/Montserrat-Bold.ttf [object Object]
Get a reqest 10:49 1/6/2018 GET /vendor/dashboard/vendor/bootstrap/js/popper.js.map [object Object]
Get a reqest 10:49 1/6/2018 GET /favicon.ico [object Object]
Get a reqest 10:52 1/6/2018 GET /login [object Object]
Get a reqest 10:52 1/6/2018 GET /login?email=louay%40gmail.com&pass=lalight [object Object]
Get a reqest 10:52 1/6/2018 GET /favicon.ico [object Object]
Get a reqest 10:52 1/6/2018 GET /flot?username=louay [object Object]
Get a reqest 10:52 1/6/2018 GET /favicon.ico [object Object]
Get a reqest 10:52 1/6/2018 GET /tables?username=louay [object Object]
Get a reqest 10:52 1/6/2018 GET /favicon.ico [object Object]
Get a reqest 10:52 1/6/2018 GET /forms?username=louay [object Object]
Get a reqest 10:52 1/6/2018 GET /favicon.ico [object Object]
Get a reqest 10:52 1/6/2018 GET /content?username=louay [object Object]
Get a reqest 10:52 1/6/2018 GET /stylesheets/dashboard/fonts/montserrat/Montserrat-Regular.ttf [object Object]
Get a reqest 10:52 1/6/2018 GET /stylesheets/dashboard/fonts/montserrat/Montserrat-Bold.ttf [object Object]
Get a reqest 10:52 1/6/2018 GET /vendor/dashboard/vendor/bootstrap/js/popper.js.map [object Object]
Get a reqest 10:52 1/6/2018 GET /favicon.ico [object Object]
Get a reqest 10:52 1/6/2018 GET /forms?username=louay [object Object]
Get a reqest 10:52 1/6/2018 GET /favicon.ico [object Object]
Get a reqest 10:52 1/6/2018 GET /tables?username=louay [object Object]
Get a reqest 10:52 1/6/2018 GET /favicon.ico [object Object]
Get a reqest 10:52 1/6/2018 GET /flot?username=louay [object Object]
Get a reqest 10:52 1/6/2018 GET /dashboard?username=louay [object Object]
Get a reqest 10:52 1/6/2018 GET /favicon.ico [object Object]